[2026-03-14T22:37:15Z] [INIT] Project "knight-tour" created. Context loaded from context.md.
[2026-03-14T22:37:15Z] [PLAN] Classified as: new-project. Rationale: The context.md explicitly declares Type: new-project. The goal is to build a complete working web application from scratch — a Knight's Tour visualization with UI, algorithm, and interactivity — requiring both project foundation (greenfield) and full feature implementation.
[2026-03-14T22:37:15Z] [PLAN] Chain: vision → research → tech-stack → architecture → project-structure → scaffolding → impl-plan → test-spec → tests → code → review → summary (12 steps)
[2026-03-14T22:37:15Z] [PLAN] Human gates: tech-stack, architecture, impl-plan
[2026-03-14T22:37:15Z] [STEP 1/12] [START] Agent: vision (Project Vision Writer)
[2026-03-14T22:37:15Z] [STEP 1/12] [INPUT] Reading: context.md
[2026-03-14T22:39:58Z] [CRITIC] Step 1: PASS (avg: 9.0). Comprehensive vision with all required sections, measurable goals, and clear scope boundaries. Two minor issues noted.
[2026-03-14T22:39:58Z] [STEP 1/12] [DONE] Artifact: 01-vision.md
[2026-03-14T23:19:06Z] [RESUME] Resuming at step 2/12 (research).
[2026-03-14T23:19:06Z] [STEP 2/12] [START] Agent: research (Researcher)
[2026-03-14T23:19:06Z] [STEP 2/12] [INPUT] Reading: context.md, 01-vision.md (full)
[2026-03-14T23:23:40Z] [RESUME] Resuming at step 2/12 (research). Previous attempt crashed — no artifact produced.
[2026-03-14T23:23:40Z] [STEP 2/12] [START] Agent: research (Researcher), attempt 2
[2026-03-14T23:28:58Z] [CRITIC] Step 2: PASS (avg: 8.8). Comprehensive research with 8 findings, 2 comparison matrices, balanced trade-offs, and 5 prioritized recommendations. Two minor issues noted.
[2026-03-14T23:28:58Z] [STEP 2/12] [DONE] Artifact: 02-research.md
[2026-03-14T23:30:38Z] [RESUME] Resuming at step 3/12 (tech-stack).
[2026-03-14T23:30:38Z] [STEP 3/12] [START] Agent: tech-stack (Technology Stack Decision)
[2026-03-14T23:30:38Z] [STEP 3/12] [INPUT] Reading: context.md, 02-research.md (full), 01-vision.md (summary)
[2026-03-14T23:33:04Z] [CRITIC] Step 3: PASS (avg: 8.8). Minimalist stack well-justified against project scope. All required sections present. Two minor issues noted.
[2026-03-14T23:33:04Z] [STEP 3/12] [DONE] Artifact: 03-tech-stack.md
[2026-03-14T23:33:04Z] [GATE] Step 3 awaiting human approval. Review artifact and re-invoke to continue.
[2026-03-14T23:45:35Z] [GATE] Step 3 approved by human (no feedback file).
[2026-03-14T23:45:35Z] [STEP 4/12] [START] Agent: architecture (Architecture Designer)
[2026-03-14T23:45:35Z] [STEP 4/12] [INPUT] Reading: context.md, 01-vision.md (full), 03-tech-stack.md (full), 02-research.md (summary)
[2026-03-14T23:49:05Z] [CRITIC] Step 4: PASS (avg: 9.0). Clear component boundaries, typed interfaces, 3 data flows, 4 design decisions. Two suggestions noted.
[2026-03-14T23:49:05Z] [STEP 4/12] [DONE] Artifact: 04-architecture.md
[2026-03-14T23:49:05Z] [GATE] Step 4 awaiting human approval. Review artifact and re-invoke to continue.
[2026-03-14T23:52:17Z] [GATE] Step 4 approved by human (no feedback file).
[2026-03-14T23:52:17Z] [STEP 5/12] [START] Agent: project-structure (Project Structure Designer)
[2026-03-14T23:52:17Z] [STEP 5/12] [INPUT] Reading: context.md, 04-architecture.md (full), 03-tech-stack.md (full), 01-vision.md (summary)
[2026-03-14T23:54:35Z] [CRITIC] Step 5: PASS (avg: 9.0). Clean flat structure with 1:1 architecture mapping, co-located tests, consistent naming. No issues.
[2026-03-14T23:54:35Z] [STEP 5/12] [DONE] Artifact: 05-project-structure.md
[2026-03-14T23:56:22Z] [STEP 6/12] [START] Agent: scaffolding (Scaffolding Generator)
[2026-03-14T23:56:22Z] [STEP 6/12] [INPUT] Reading: 05-project-structure.md (full), 03-tech-stack.md (full), 04-architecture.md (full)
[2026-03-15T00:00:48Z] [STEP 6/12] [NOTE] Substituted happy-dom for jsdom — jsdom 28 requires Node.js 22.12+ but environment has 22.4.1. happy-dom provides equivalent DOM simulation.
[2026-03-15T00:00:48Z] [CRITIC] Step 6: PASS (avg: 9.4). Full scaffold: tsc clean, vite build OK (5.47KB JS), 24/24 tests pass.
[2026-03-15T00:00:48Z] [STEP 6/12] [DONE] Artifact: 06-scaffolding (source code in project root)
